<?xml version="1.0" encoding="UTF-8"?>
<!-- Generated by org.testng.reporters.JUnitReportReporter -->
<testsuite hostname="DESKTOP-A2K57M1" name="com.selenium.testing.webDriverTest" tests="1" failures="0" timestamp="22 Feb 2018 17:07:22 GMT" time="18.289" errors="0">
  <testcase name="freheart" time="18.289" classname="com.selenium.testing.webDriverTest"/>
</testsuite> <!-- com.selenium.testing.webDriverTest -->
